<?xml version="1.0" encoding="UTF-8"?>
<!-- Generated by org.testng.reporters.JUnitXMLReporter -->
<testsuite hostname="AT-NB-DILSHAN" name="Test" tests="4" failures="0" timestamp="17 May 2017 10:28:40 GMT" time="37.455" errors="0">
  <testcase name="loginTest" time="9.179" classname="com.sample.tests.create_customer"/>
  <testcase name="addNewCustomerTest" time="9.136" classname="com.sample.tests.create_customer"/>
  <testcase name="updateCustomerTest" time="9.303" classname="com.sample.tests.create_customer"/>
  <testcase name="removeCustomerTest" time="2.388" classname="com.sample.tests.create_customer"/>
</testsuite> <!-- Test -->
