<?xml version="1.0" encoding="UTF-8"?>
<testsuite xmlns:xsi="http://www.w3.org/2001/XMLSchema-instance" xsi:noNamespaceSchemaLocation="https://maven.apache.org/surefire/maven-surefire-plugin/xsd/surefire-test-report.xsd" name="TestSuite" time="11.287" tests="4" errors="0" skipped="3" failures="1">
  <properties>
[...]
</properties>
  <testcase name="loginTest" classname="com.sample.tests.create_customer" time="0.014">
    <failure type="java.lang.NullPointerException">java.lang.NullPointerException
	at com.sample.tests.create_customer.loginTest(create_customer.java:55)
</failure>
    <system-err><![CDATA[Starting ChromeDriver 2.27.440174 (e97a722caafc2d3a8b807ee115bfb307f7d2cfd9) on port 23125
Only local connections are allowed.
]]></system-err>
  </testcase>
  <testcase name="addNewCustomerTest" classname="com.sample.tests.create_customer" time="0">
    <skipped/>
  </testcase>
  <testcase name="updateCustomerTest" classname="com.sample.tests.create_customer" time="0">
    <skipped/>
  </testcase>
  <testcase name="removeCustomerTest" classname="com.sample.tests.create_customer" time="0">
    <skipped/>
  </testcase>
</testsuite>