<?xml version="1.0" encoding="UTF-8"?>
<testng-results skipped="3" failed="1" total="4" passed="0">
  <reporter-output>
  </reporter-output>
  <suite name="Suite" duration-ms="10541" started-at="2017-05-17T10:22:37Z" finished-at="2017-05-17T10:22:47Z">
    <groups>
      <group name="regression">
        <method signature="create_customer.loginTest()[pri:0, instance:com.sample.tests.create_customer@12d1f1d4]" name="loginTest" class="com.sample.tests.create_customer"/>
        <method signature="create_customer.addNewCustomerTest()[pri:0, instance:com.sample.tests.create_customer@12d1f1d4]" name="addNewCustomerTest" class="com.sample.tests.create_customer"/>
        <method signature="create_customer.updateCustomerTest()[pri:0, instance:com.sample.tests.create_customer@12d1f1d4]" name="updateCustomerTest" class="com.sample.tests.create_customer"/>
        <method signature="create_customer.removeCustomerTest()[pri:0, instance:com.sample.tests.create_customer@12d1f1d4]" name="removeCustomerTest" class="com.sample.tests.create_customer"/>
      </group> <!-- regression -->
    </groups>
    <test name="Test" duration-ms="10541" started-at="2017-05-17T10:22:37Z" finished-at="2017-05-17T10:22:47Z">
      <class name="com.sample.tests.create_customer">
        <test-method status="PASS" signature="setup()[pri:0, instance:com.sample.tests.create_customer@12d1f1d4]" name="setup" is-config="true" duration-ms="9386" started-at="2017-05-17T15:52:37Z" finished-at="2017-05-17T15:52:46Z">
          <reporter-output>
          </reporter-output>
        </test-method> <!-- setup -->
        <test-method status="FAIL" signature="loginTest()[pri:0, instance:com.sample.tests.create_customer@12d1f1d4]" name="loginTest" duration-ms="2" started-at="2017-05-17T15:52:46Z" finished-at="2017-05-17T15:52:46Z">
          <exception class="java.lang.NullPointerException">
            <full-stacktrace>
              <![CDATA[java.lang.NullPointerException
	at com.sample.tests.loginPage.login(loginPage.java:44)
	at com.sample.tests.create_customer.loginTest(create_customer.java:55)
	at sun.reflect.NativeMethodAccessorImpl.invoke0(Native Method)
	at sun.reflect.NativeMethodAccessorImpl.invoke(NativeMethodAccessorImpl.java:62)
	at sun.reflect.DelegatingMethodAccessorImpl.invoke(DelegatingMethodAccessorImpl.java:43)
	at java.lang.reflect.Method.invoke(Method.java:483)
	at org.testng.internal.MethodInvocationHelper.invokeMethod(MethodInvocationHelper.java:80)
	at org.testng.internal.Invoker.invokeMethod(Invoker.java:714)
	at org.testng.internal.Invoker.invokeTestMethod(Invoker.java:901)
	at org.testng.internal.Invoker.invokeTestMethods(Invoker.java:1231)
	at org.testng.internal.TestMethodWorker.invokeTestMethods(TestMethodWorker.java:127)
	at org.testng.internal.TestMethodWorker.run(TestMethodWorker.java:111)
	at org.testng.TestRunner.privateRun(TestRunner.java:767)
	at org.testng.TestRunner.run(TestRunner.java:617)
	at org.testng.SuiteRunner.runTest(SuiteRunner.java:334)
	at org.testng.SuiteRunner.runSequentially(SuiteRunner.java:329)
	at org.testng.SuiteRunner.privateRun(SuiteRunner.java:291)
	at org.testng.SuiteRunner.run(SuiteRunner.java:240)
	at org.testng.SuiteRunnerWorker.runSuite(SuiteRunnerWorker.java:52)
	at org.testng.SuiteRunnerWorker.run(SuiteRunnerWorker.java:86)
	at org.testng.TestNG.runSuitesSequentially(TestNG.java:1198)
	at org.testng.TestNG.runSuitesLocally(TestNG.java:1123)
	at org.testng.TestNG.run(TestNG.java:1031)
	at org.apache.maven.surefire.testng.TestNGExecutor.run(TestNGExecutor.java:283)
	at org.apache.maven.surefire.testng.TestNGXmlTestSuite.execute(TestNGXmlTestSuite.java:75)
	at org.apache.maven.surefire.testng.TestNGProvider.invoke(TestNGProvider.java:120)
	at sun.reflect.NativeMethodAccessorImpl.invoke0(Native Method)
	at sun.reflect.NativeMethodAccessorImpl.invoke(NativeMethodAccessorImpl.java:62)
	at sun.reflect.DelegatingMethodAccessorImpl.invoke(DelegatingMethodAccessorImpl.java:43)
	at java.lang.reflect.Method.invoke(Method.java:483)
	at org.apache.maven.surefire.util.ReflectionUtils.invokeMethodWithArray2(ReflectionUtils.java:202)
	at org.apache.maven.surefire.booter.ProviderFactory$ProviderProxy.invoke(ProviderFactory.java:158)
	at org.apache.maven.surefire.booter.ProviderFactory.invokeProvider(ProviderFactory.java:81)
	at org.apache.maven.plugin.surefire.InPluginVMSurefireStarter.runSuitesInProcess(InPluginVMSurefireStarter.java:84)
	at org.apache.maven.plugin.surefire.AbstractSurefireMojo.executeProvider(AbstractSurefireMojo.java:1060)
	at org.apache.maven.plugin.surefire.AbstractSurefireMojo.executeAfterPreconditionsChecked(AbstractSurefireMojo.java:907)
	at org.apache.maven.plugin.surefire.AbstractSurefireMojo.execute(AbstractSurefireMojo.java:785)
	at org.apache.maven.plugin.DefaultBuildPluginManager.executeMojo(DefaultBuildPluginManager.java:134)
	at org.apache.maven.lifecycle.internal.MojoExecutor.execute(MojoExecutor.java:207)
	at org.apache.maven.lifecycle.internal.MojoExecutor.execute(MojoExecutor.java:153)
	at org.apache.maven.lifecycle.internal.MojoExecutor.execute(MojoExecutor.java:145)
	at org.apache.maven.lifecycle.internal.LifecycleModuleBuilder.buildProject(LifecycleModuleBuilder.java:116)
	at org.apache.maven.lifecycle.internal.LifecycleModuleBuilder.buildProject(LifecycleModuleBuilder.java:80)
	at org.apache.maven.lifecycle.internal.builder.singlethreaded.SingleThreadedBuilder.build(SingleThreadedBuilder.java:51)
	at org.apache.maven.lifecycle.internal.LifecycleStarter.execute(LifecycleStarter.java:128)
	at org.apache.maven.DefaultMaven.doExecute(DefaultMaven.java:307)
	at org.apache.maven.DefaultMaven.doExecute(DefaultMaven.java:193)
	at org.apache.maven.DefaultMaven.execute(DefaultMaven.java:106)
	at org.apache.maven.cli.MavenCli.execute(MavenCli.java:863)
	at org.apache.maven.cli.MavenCli.doMain(MavenCli.java:288)
	at org.apache.maven.cli.MavenCli.main(MavenCli.java:199)
	at sun.reflect.NativeMethodAccessorImpl.invoke0(Native Method)
	at sun.reflect.NativeMethodAccessorImpl.invoke(NativeMethodAccessorImpl.java:62)
	at sun.reflect.DelegatingMethodAccessorImpl.invoke(DelegatingMethodAccessorImpl.java:43)
	at java.lang.reflect.Method.invoke(Method.java:483)
	at org.codehaus.plexus.classworlds.launcher.Launcher.launchEnhanced(Launcher.java:289)
	at org.codehaus.plexus.classworlds.launcher.Launcher.launch(Launcher.java:229)
	at org.codehaus.plexus.classworlds.launcher.Launcher.mainWithExitCode(Launcher.java:415)
	at org.codehaus.plexus.classworlds.launcher.Launcher.main(Launcher.java:356)
]]>
            </full-stacktrace>
          </exception> <!-- java.lang.NullPointerException -->
          <reporter-output>
          </reporter-output>
        </test-method> <!-- loginTest -->
        <test-method status="SKIP" signature="addNewCustomerTest()[pri:0, instance:com.sample.tests.create_customer@12d1f1d4]" name="addNewCustomerTest" duration-ms="0" started-at="2017-05-17T15:52:46Z" depends-on-methods="com.sample.tests.create_customer.loginTest" finished-at="2017-05-17T15:52:46Z">
          <reporter-output>
          </reporter-output>
        </test-method> <!-- addNewCustomerTest -->
        <test-method status="SKIP" signature="removeCustomerTest()[pri:0, instance:com.sample.tests.create_customer@12d1f1d4]" name="removeCustomerTest" duration-ms="0" started-at="2017-05-17T15:52:46Z" depends-on-methods="com.sample.tests.create_customer.updateCustomerTest" finished-at="2017-05-17T15:52:46Z">
          <reporter-output>
          </reporter-output>
        </test-method> <!-- removeCustomerTest -->
        <test-method status="PASS" signature="teardown()[pri:0, instance:com.sample.tests.create_customer@12d1f1d4]" name="teardown" is-config="true" duration-ms="1093" started-at="2017-05-17T15:52:46Z" finished-at="2017-05-17T15:52:47Z">
          <reporter-output>
          </reporter-output>
        </test-method> <!-- teardown -->
        <test-method status="SKIP" signature="updateCustomerTest()[pri:0, instance:com.sample.tests.create_customer@12d1f1d4]" name="updateCustomerTest" duration-ms="0" started-at="2017-05-17T15:52:46Z" depends-on-methods="com.sample.tests.create_customer.addNewCustomerTest" finished-at="2017-05-17T15:52:46Z">
          <reporter-output>
          </reporter-output>
        </test-method> <!-- updateCustomerTest -->
      </class> <!-- com.sample.tests.create_customer -->
    </test> <!-- Test -->
  </suite> <!-- Suite -->
</testng-results>
