<?xml version="1.0" encoding="UTF-8"?>
<testng-results skipped="0" failed="0" total="4" passed="4">
  <reporter-output>
  </reporter-output>
  <suite name="Suite" duration-ms="37455" started-at="2017-05-17T10:28:02Z" finished-at="2017-05-17T10:28:40Z">
    <groups>
      <group name="regression">
        <method signature="create_customer.loginTest()[pri:0, instance:com.sample.tests.create_customer@2ef5e5e3]" name="loginTest" class="com.sample.tests.create_customer"/>
        <method signature="create_customer.addNewCustomerTest()[pri:0, instance:com.sample.tests.create_customer@2ef5e5e3]" name="addNewCustomerTest" class="com.sample.tests.create_customer"/>
        <method signature="create_customer.updateCustomerTest()[pri:0, instance:com.sample.tests.create_customer@2ef5e5e3]" name="updateCustomerTest" class="com.sample.tests.create_customer"/>
        <method signature="create_customer.removeCustomerTest()[pri:0, instance:com.sample.tests.create_customer@2ef5e5e3]" name="removeCustomerTest" class="com.sample.tests.create_customer"/>
      </group> <!-- regression -->
    </groups>
    <test name="Test" duration-ms="37455" started-at="2017-05-17T10:28:02Z" finished-at="2017-05-17T10:28:40Z">
      <class name="com.sample.tests.create_customer">
        <test-method status="PASS" signature="setup()[pri:0, instance:com.sample.tests.create_customer@2ef5e5e3]" name="setup" is-config="true" duration-ms="6587" started-at="2017-05-17T15:58:03Z" finished-at="2017-05-17T15:58:09Z">
          <reporter-output>
          </reporter-output>
        </test-method> <!-- setup -->
        <test-method status="PASS" signature="loginTest()[pri:0, instance:com.sample.tests.create_customer@2ef5e5e3]" name="loginTest" duration-ms="9179" started-at="2017-05-17T15:58:09Z" finished-at="2017-05-17T15:58:18Z">
          <reporter-output>
          </reporter-output>
        </test-method> <!-- loginTest -->
        <test-method status="PASS" signature="addNewCustomerTest()[pri:0, instance:com.sample.tests.create_customer@2ef5e5e3]" name="addNewCustomerTest" duration-ms="9136" started-at="2017-05-17T15:58:18Z" depends-on-methods="com.sample.tests.create_customer.loginTest" finished-at="2017-05-17T15:58:27Z">
          <reporter-output>
          </reporter-output>
        </test-method> <!-- addNewCustomerTest -->
        <test-method status="PASS" signature="updateCustomerTest()[pri:0, instance:com.sample.tests.create_customer@2ef5e5e3]" name="updateCustomerTest" duration-ms="9303" started-at="2017-05-17T15:58:27Z" depends-on-methods="com.sample.tests.create_customer.addNewCustomerTest" finished-at="2017-05-17T15:58:37Z">
          <reporter-output>
          </reporter-output>
        </test-method> <!-- updateCustomerTest -->
        <test-method status="PASS" signature="removeCustomerTest()[pri:0, instance:com.sample.tests.create_customer@2ef5e5e3]" name="removeCustomerTest" duration-ms="2388" started-at="2017-05-17T15:58:37Z" depends-on-methods="com.sample.tests.create_customer.updateCustomerTest" finished-at="2017-05-17T15:58:39Z">
          <reporter-output>
          </reporter-output>
        </test-method> <!-- removeCustomerTest -->
        <test-method status="PASS" signature="teardown()[pri:0, instance:com.sample.tests.create_customer@2ef5e5e3]" name="teardown" is-config="true" duration-ms="829" started-at="2017-05-17T15:58:39Z" finished-at="2017-05-17T15:58:40Z">
          <reporter-output>
          </reporter-output>
        </test-method> <!-- teardown -->
      </class> <!-- com.sample.tests.create_customer -->
    </test> <!-- Test -->
  </suite> <!-- Suite -->
</testng-results>
